<?xml version="1.0" encoding="UTF-8"?>
<testng-results ignored="0" total="1" passed="1" failed="0" skipped="0">
  <reporter-output>
  </reporter-output>
  <suite started-at="2022-03-26T18:50:53Z" name="Default suite" finished-at="2022-03-26T18:50:56Z" duration-ms="2784">
    <groups>
    </groups>
    <test started-at="2022-03-26T18:50:53Z" name="Default test" finished-at="2022-03-26T18:50:56Z" duration-ms="2784">
      <class name="testCases.ReadAllProducts">
        <test-method signature="readAllProducts()[pri:0, instance:testCases.ReadAllProducts@1722011b]" started-at="2022-03-26T18:50:53Z" name="readAllProducts" finished-at="2022-03-26T18:50:56Z" duration-ms="2768" status="PASS">
          <reporter-output>
          </reporter-output>
        </test-method> <!-- readAllProducts -->
      </class> <!-- testCases.ReadAllProducts -->
    </test> <!-- Default test -->
  </suite> <!-- Default suite -->
</testng-results>
